<?xml version="1.0" encoding="UTF-8"?>
<!-- Generated by org.testng.reporters.JUnitReportReporter -->
<testsuite hostname="Surendras-Air" failures="0" tests="1" name="redchillie.bcc.AppTest" time="0.002" errors="0" timestamp="2023-06-04T12:22:12 IST" skipped="0">
  <testcase classname="redchillie.bcc.AppTest" name="shouldAnswerWithTrue" time="0.002"/>
</testsuite> <!-- redchillie.bcc.AppTest -->
