<?xml version="1.0" encoding="UTF-8"?>
<!-- Generated by org.testng.reporters.JUnitReportReporter -->
<testsuite hostname="Surendras-Air" failures="0" tests="1" name="redchillie.bcc.CTest" time="19.649" errors="0" timestamp="2023-06-10T11:13:09 IST" skipped="0">
  <testcase classname="redchillie.bcc.CTest" name="c" time="19.649"/>
  <system-out/>
</testsuite> <!-- redchillie.bcc.CTest -->
