<?xml version="1.0" encoding="UTF-8"?>
<!-- Generated by org.testng.reporters.JUnitReportReporter -->
<testsuite hostname="Surendras-MacBook-Air.local" failures="0" tests="1" name="redchillie.bcc.CTest" time="0.005" errors="0" timestamp="2023-06-04T14:18:47 IST" skipped="0">
  <testcase classname="redchillie.bcc.CTest" name="c" time="0.005"/>
  <system-out/>
</testsuite> <!-- redchillie.bcc.CTest -->
