<?xml version="1.0" encoding="UTF-8"?>
<!-- Generated by org.testng.reporters.JUnitReportReporter -->
<testsuite hostname="Surendras-Air" failures="0" tests="1" name="redchillie.bcc.BrowseropeningTest" time="7.353" errors="0" timestamp="2023-06-10T22:11:26 IST" skipped="0">
  <testcase classname="redchillie.bcc.BrowseropeningTest" name="test" time="7.353"/>
  <system-out/>
</testsuite> <!-- redchillie.bcc.BrowseropeningTest -->
