<?xml version="1.0" encoding="UTF-8"?>
<!-- Generated by org.testng.reporters.JUnitReportReporter -->
<testsuite hostname="Surendras-Air" failures="0" tests="1" name="redchillie.bcc.BrowseropeningTest" time="23.706" errors="0" timestamp="2023-06-11T09:51:49 IST" skipped="0">
  <testcase classname="redchillie.bcc.BrowseropeningTest" name="test" time="23.706"/>
  <system-out/>
</testsuite> <!-- redchillie.bcc.BrowseropeningTest -->
