<?xml version="1.0" encoding="UTF-8"?>
<!-- Generated by org.testng.reporters.JUnitReportReporter -->
<testsuite hostname="Surendras-Air" failures="0" tests="1" name="redchillie.bcc.BTest" time="0.000" errors="0" timestamp="2023-06-11T09:52:59 IST" skipped="0">
  <testcase classname="redchillie.bcc.BTest" name="b" time="0.000"/>
</testsuite> <!-- redchillie.bcc.BTest -->
