<?xml version="1.0" encoding="UTF-8"?>
<!-- Generated by org.testng.reporters.JUnitReportReporter -->
<testsuite hostname="Surendras-Air" failures="0" tests="1" name="redchillie.bcc.BrowseropeningTest" time="6.843" errors="0" timestamp="2023-06-11T09:18:12 IST" skipped="0">
  <testcase classname="redchillie.bcc.BrowseropeningTest" name="test" time="6.843"/>
</testsuite> <!-- redchillie.bcc.BrowseropeningTest -->
