<?xml version="1.0" encoding="UTF-8"?>
<!-- Generated by org.testng.reporters.JUnitReportReporter -->
<testsuite hostname="Surendras-Air" failures="0" tests="1" name="redchillie.bcc.BTest" time="0.002" errors="0" timestamp="2023-06-04T16:51:05 IST" skipped="0">
  <testcase classname="redchillie.bcc.BTest" name="b" time="0.002"/>
</testsuite> <!-- redchillie.bcc.BTest -->
