<?xml version="1.0" encoding="UTF-8"?>
<!-- Generated by org.testng.reporters.JUnitReportReporter -->
<testsuite hostname="Surendras-Air" failures="0" tests="1" name="redchillie.bcc.ATest" time="0.001" errors="0" timestamp="2023-06-11T09:19:53 IST" skipped="0">
  <testcase classname="redchillie.bcc.ATest" name="a" time="0.001"/>
</testsuite> <!-- redchillie.bcc.ATest -->
